app/build/intermediates/manifest_merge_blame_file/debug/manifest-merger-blame-debug-report.txt
1<?xml version="1.0" encoding="utf-8"?>
2<manifest xmlns:android="http://schemas.android.com/apk/res/android"
3    package="com.example.calitrainermobi"
4    android:versionCode="1"
5    android:versionName="1.0" >
6
7    <uses-sdk
8        android:minSdkVersion="21"
8-->src/main/AndroidManifest.xml
9        android:targetSdkVersion="30" />
9-->src/main/AndroidManifest.xml
10
11    <uses-permission android:name="android.permission.READ_EXTERNAL_STORAGE" />
11-->src/main/AndroidManifest.xml:5:5-79
11-->src/main/AndroidManifest.xml:5:22-77
12    <uses-permission android:name="android.permission.WRITE_EXTERNAL_STORAGE" />
12-->src/main/AndroidManifest.xml:6:5-80
12-->src/main/AndroidManifest.xml:6:22-78
13
14    <application
14-->src/main/AndroidManifest.xml:7:5-23:19
15        android:allowBackup="true"
15-->src/main/AndroidManifest.xml:8:9-35
16        android:appComponentFactory="androidx.core.app.CoreComponentFactory"
16-->[androidx.core:core:1.3.1] AndroidManifest.xml:24:18-86
17        android:debuggable="true"
18        android:icon="@mipmap/ic_launcher"
18-->src/main/AndroidManifest.xml:9:9-43
19        android:label="@string/app_name"
19-->src/main/AndroidManifest.xml:10:9-41
20        android:roundIcon="@mipmap/ic_launcher_round"
20-->src/main/AndroidManifest.xml:11:9-54
21        android:supportsRtl="true"
21-->src/main/AndroidManifest.xml:12:9-35
22        android:testOnly="true"
23        android:theme="@style/Theme.CaliTrainerMobi" >
23-->src/main/AndroidManifest.xml:13:9-53
24        <activity
24-->src/main/AndroidManifest.xml:14:9-22:20
25            android:name="com.example.calitrainermobi.MainActivity"
25-->src/main/AndroidManifest.xml:15:13-41
26            android:exported="true" >
26-->src/main/AndroidManifest.xml:16:13-36
27            <intent-filter>
27-->src/main/AndroidManifest.xml:17:13-21:29
28                <action android:name="android.intent.action.MAIN" />
28-->src/main/AndroidManifest.xml:18:17-69
28-->src/main/AndroidManifest.xml:18:25-66
29
30                <category android:name="android.intent.category.LAUNCHER" />
30-->src/main/AndroidManifest.xml:20:17-77
30-->src/main/AndroidManifest.xml:20:27-74
31            </intent-filter>
32        </activity>
33        <activity
33-->[com.blankj:utilcodex:1.31.0] AndroidManifest.xml:10:9-14:75
34            android:name="com.blankj.utilcode.util.UtilsTransActivity4MainProcess"
34-->[com.blankj:utilcodex:1.31.0] AndroidManifest.xml:11:13-83
35            android:configChanges="orientation|keyboardHidden|screenSize"
35-->[com.blankj:utilcodex:1.31.0] AndroidManifest.xml:12:13-74
36            android:theme="@style/ActivityTranslucent"
36-->[com.blankj:utilcodex:1.31.0] AndroidManifest.xml:13:13-55
37            android:windowSoftInputMode="stateHidden|stateAlwaysHidden" />
37-->[com.blankj:utilcodex:1.31.0] AndroidManifest.xml:14:13-72
38        <activity
38-->[com.blankj:utilcodex:1.31.0] AndroidManifest.xml:15:9-20:75
39            android:name="com.blankj.utilcode.util.UtilsTransActivity"
39-->[com.blankj:utilcodex:1.31.0] AndroidManifest.xml:16:13-71
40            android:configChanges="orientation|keyboardHidden|screenSize"
40-->[com.blankj:utilcodex:1.31.0] AndroidManifest.xml:17:13-74
41            android:multiprocess="true"
41-->[com.blankj:utilcodex:1.31.0] AndroidManifest.xml:18:13-40
42            android:theme="@style/ActivityTranslucent"
42-->[com.blankj:utilcodex:1.31.0] AndroidManifest.xml:19:13-55
43            android:windowSoftInputMode="stateHidden|stateAlwaysHidden" />
43-->[com.blankj:utilcodex:1.31.0] AndroidManifest.xml:20:13-72
44
45        <provider
45-->[com.blankj:utilcodex:1.31.0] AndroidManifest.xml:22:9-30:20
46            android:name="com.blankj.utilcode.util.UtilsFileProvider"
46-->[com.blankj:utilcodex:1.31.0] AndroidManifest.xml:23:13-70
47            android:authorities="com.example.calitrainermobi.utilcode.fileprovider"
47-->[com.blankj:utilcodex:1.31.0] AndroidManifest.xml:24:13-73
48            android:exported="false"
48-->[com.blankj:utilcodex:1.31.0] AndroidManifest.xml:25:13-37
49            android:grantUriPermissions="true" >
49-->[com.blankj:utilcodex:1.31.0] AndroidManifest.xml:26:13-47
50            <meta-data
50-->[com.blankj:utilcodex:1.31.0] AndroidManifest.xml:27:13-29:68
51                android:name="android.support.FILE_PROVIDER_PATHS"
51-->[com.blankj:utilcodex:1.31.0] AndroidManifest.xml:28:17-67
52                android:resource="@xml/util_code_provider_paths" />
52-->[com.blankj:utilcodex:1.31.0] AndroidManifest.xml:29:17-65
53        </provider>
54
55        <service
55-->[com.blankj:utilcodex:1.31.0] AndroidManifest.xml:32:9-38:19
56            android:name="com.blankj.utilcode.util.MessengerUtils$ServerService"
56-->[com.blankj:utilcodex:1.31.0] AndroidManifest.xml:33:13-81
57            android:exported="false" >
57-->[com.blankj:utilcodex:1.31.0] AndroidManifest.xml:34:13-37
58            <intent-filter>
58-->[com.blankj:utilcodex:1.31.0] AndroidManifest.xml:35:13-37:29
59                <action android:name="com.example.calitrainermobi.messenger" />
59-->[com.blankj:utilcodex:1.31.0] AndroidManifest.xml:36:17-69
59-->[com.blankj:utilcodex:1.31.0] AndroidManifest.xml:36:25-66
60            </intent-filter>
61        </service>
62    </application>
63
64</manifest>